Failed login attempt: Username unknown from IP 172.19.0.1 at 2025-03-28 14:20:26
Failed login attempt: Username unknown from IP 172.19.0.1 at 2025-03-28 14:20:46
Failed login attempt: Username unknown from IP 172.19.0.1 at 2025-03-28 14:20:59
Failed login attempt: Username test from IP 172.19.0.1 at 2025-03-28 14:21:33
Failed login attempt: Username aasdasd from IP 172.19.0.1 at 2025-03-28 14:21:35
Failed login attempt: Username der from IP 172.19.0.1 at 2025-03-28 14:21:43
Successful login: User admin1 from IP 172.19.0.1 at 2025-03-28 14:23:46
Successful login: User user1 from IP 172.19.0.1 at 2025-03-28 14:32:53
Successful login: User admin1 from IP 172.19.0.1 at 2025-03-28 14:53:52
Failed login attempt: Username admin1 from IP 172.19.0.1 at 2025-03-28 15:11:15
Successful login: User admin1 from IP 172.19.0.1 at 2025-03-28 15:11:43
Warning: Using default database password!
Warning: Using default database password!
Warning: Using default database password!
Warning: Using default database password!
Warning: Using default database password!
Warning: Using default database password!
Successful login: User admin1 from IP 172.19.0.1 at 2025-03-29 14:00:59
Warning: Using default database password!
Warning: Using default database password!
Warning: Using default database password!
Warning: Using default database password!
Warning: Using default database password!
Warning: Using default database password!
Warning: Using default database password!
Warning: Using default database password!
Warning: Using default database password!
Warning: Using default database password!
Warning: Using default database password!
Warning: Using default database password!
Warning: Using default database password!
Warning: Using default database password!
Warning: Using default database password!
Warning: Using default database password!
Warning: Using default database password!
Warning: Using default database password!
Warning: Using default database password!
Warning: Using default database password!
Warning: Using default database password!
Warning: Using default database password!
Warning: Using default database password!
Warning: Using default database password!
Warning: Using default database password!
Warning: Using default database password!
Warning: Using default database password!
Warning: Using default database password!
Warning: Using default database password!
Warning: Using default database password!
Warning: Using default database password!
Warning: Using default database password!
Warning: Using default database password!
Warning: Using default database password!
Warning: Using default database password!
Warning: Using default database password!
Warning: Using default database password!
Warning: Using default database password!
Warning: Using default database password!
Warning: Using default database password!
Warning: Using default database password!
Warning: Using default database password!
Warning: Using default database password!
Warning: Using default database password!
Warning: Using default database password!
Warning: Using default database password!
Warning: Using default database password!
Warning: Using default database password!
Warning: Using default database password!
Warning: Using default database password!
Warning: Using default database password!
Warning: Using default database password!
Warning: Using default database password!
Warning: Using default database password!
Warning: Using default database password!
Warning: Using default database password!
Warning: Using default database password!
Warning: Using default database password!
Warning: Using default database password!
Warning: Using default database password!
Successful login: User admin1 from IP 172.19.0.1 at 2025-03-29 14:30:37
Warning: Using default database password!
Warning: Using default database password!
Warning: Using default database password!
Warning: Using default database password!
Warning: Using default database password!
Warning: Using default database password!
Warning: Using default database password!
Warning: Using default database password!
Warning: Using default database password!
Warning: Using default database password!
Warning: Using default database password!
Warning: Using default database password!
Warning: Using default database password!
Warning: Using default database password!
Warning: Using default database password!
Warning: Using default database password!
Successful login: User admin1 from IP 172.19.0.1 at 2025-03-29 14:59:48
Warning: Using default database password!
Warning: Using default database password!
Warning: Using default database password!
Warning: Using default database password!
Warning: Using default database password!
Warning: Using default database password!
Warning: Using default database password!
Warning: Using default database password!
Successful login: User admin1 from IP 172.19.0.1 at 2025-03-29 15:01:00
Warning: Using default database password!
Warning: Using default database password!
Warning: Using default database password!
Warning: Using default database password!
Warning: Using default database password!
Warning: Using default database password!
Warning: Using default database password!
Warning: Using default database password!
Warning: Using default database password!
Warning: Using default database password!
Warning: Using default database password!
Warning: Using default database password!
Successful login: User admin1 from IP 172.19.0.1 at 2025-03-29 15:05:00
Warning: Using default database password!
Warning: Using default database password!
Warning: Using default database password!
Warning: Using default database password!
Warning: Using default database password!
Warning: Using default database password!
Warning: Using default database password!
Warning: Using default database password!
Warning: Using default database password!
Warning: Using default database password!
Warning: Using default database password!
Successful login: User admin1 from IP 172.19.0.1 at 2025-03-29 15:05:32
Warning: Using default database password!
Warning: Using default database password!
Warning: Using default database password!
Warning: Using default database password!
Warning: Using default database password!
Warning: Using default database password!
Warning: Using default database password!
Warning: Using default database password!
Warning: Using default database password!
Warning: Using default database password!
Warning: Using default database password!
Warning: Using default database password!
Warning: Using default database password!
Warning: Using default database password!
Warning: Using default database password!
Warning: Using default database password!
Warning: Using default database password!
Warning: Using default database password!
Warning: Using default database password!
Warning: Using default database password!
Warning: Using default database password!
Warning: Using default database password!
Warning: Using default database password!
Warning: Using default database password!
Warning: Using default database password!
Warning: Using default database password!
Warning: Using default database password!
Warning: Using default database password!
Warning: Using default database password!
Warning: Using default database password!
Warning: Using default database password!
Warning: Using default database password!
Warning: Using default database password!
Warning: Using default database password!
Warning: Using default database password!
Warning: Using default database password!
Warning: Using default database password!
Warning: Using default database password!
Warning: Using default database password!
Warning: Using default database password!
Warning: Using default database password!
Successful login: User admin1 from IP 172.19.0.1 at 2025-03-29 15:37:32
Warning: Using default database password!
Warning: Using default database password!
Warning: Using default database password!
Warning: Using default database password!
Successful login: User admin1 from IP 172.19.0.1 at 2025-03-29 15:38:10
Warning: Using default database password!
Warning: Using default database password!
Warning: Using default database password!
Warning: Using default database password!
Warning: Using default database password!
Warning: Using default database password!
Warning: Using default database password!
Successful login: User admin1 from IP 172.19.0.1 at 2025-03-29 15:49:36
Warning: Using default database password!
Warning: Using default database password!
Warning: Using default database password!
Successful login: User admin1 from IP 172.19.0.1 at 2025-03-29 15:50:37
Warning: Using default database password!
Warning: Using default database password!
Warning: Using default database password!
Warning: Using default database password!
Warning: Using default database password!
Warning: Using default database password!
Successful login: User admin1 from IP 172.19.0.1 at 2025-03-29 15:53:22
Warning: Using default database password!
Warning: Using default database password!
Warning: Using default database password!
Successful login: User admin1 from IP 172.19.0.1 at 2025-03-29 15:53:34
Warning: Using default database password!
Warning: Using default database password!
Warning: Using default database password!
Warning: Using default database password!
Warning: Using default database password!
Successful login: User admin1 from IP 172.19.0.1 at 2025-03-29 15:54:33
Warning: Using default database password!
Warning: Using default database password!
Warning: Using default database password!
Warning: Using default database password!
Warning: Using default database password!
Warning: Using default database password!
Successful login: User admin1 from IP 172.19.0.1 at 2025-03-29 15:55:14
Warning: Using default database password!
Warning: Using default database password!
Warning: Using default database password!
Warning: Using default database password!
Successful login: User admin1 from IP 172.19.0.1 at 2025-03-29 15:55:51
Warning: Using default database password!
Warning: Using default database password!
Warning: Using default database password!
Successful login: User admin1 from IP 172.19.0.1 at 2025-03-29 15:56:27
Warning: Using default database password!
Warning: Using default database password!
Warning: Using default database password!
Successful login: User admin1 from IP 172.19.0.1 at 2025-03-29 15:57:00
Warning: Using default database password!
Warning: Using default database password!
Warning: Using default database password!
Warning: Using default database password!
Successful login: User admin1 from IP 172.19.0.1 at 2025-03-29 15:59:36
Warning: Using default database password!
Warning: Using default database password!
